2026-01-27 15:16:22,636 - main - INFO - === Logging system initialized ===
2026-01-27 15:16:22,636 - main - INFO - Log file: logs/app_20260127_151622.log
2026-01-27 15:16:22,636 - main - INFO - Log level: INFO
2026-01-27 15:16:22,636 - main - INFO - Timestamp: 20260127_151622
2026-01-27 15:16:23,391 - main - INFO - Included router: routers.aihub.router
2026-01-27 15:16:23,395 - main - INFO - Included router: routers.auth.router
2026-01-27 15:16:23,395 - main - INFO - Included router: routers.health.router
2026-01-27 15:16:23,402 - main - INFO - Included router: routers.settings.router
2026-01-27 15:16:23,412 - main - INFO - Included router: routers.storage.router
2026-01-27 15:16:23,415 - main - INFO - Included router: routers.user.router
2026-01-27 15:16:23,431 - main - INFO - Included router: routers.verifications.router
2026-01-27 15:16:23,432 - main - INFO - === Application startup initiated ===
2026-01-27 15:16:23,432 - services.database - DEBUG - [DB_OP] Starting database initialization
2026-01-27 15:16:23,432 - services.database - INFO - 🔧 Starting database initialization...
2026-01-27 15:16:23,432 - core.database - INFO - Starting database initialization...
2026-01-27 15:16:23,432 - core.config - DEBUG - Read dynamic attribute database_url from environment variable DATABASE_URL
2026-01-27 15:16:23,433 - core.database - INFO - Normalizing database URL for async compatibility...
2026-01-27 15:16:23,433 - core.database - INFO - Creating async database engine...
2026-01-27 15:16:23,433 - core.database - INFO - Using QueuePool with connection pooling for non-Lambda environment
2026-01-27 15:16:23,474 - core.database - INFO - Database engine created successfully
2026-01-27 15:16:23,474 - core.database - INFO - Creating async session maker...
2026-01-27 15:16:23,474 - core.database - INFO - Async session maker created successfully
2026-01-27 15:16:23,474 - core.database - INFO - Database connection initialized successfully
2026-01-27 15:16:23,475 - services.database - INFO - 🔧 Database connection initialized, now creating tables if tables not exist...
2026-01-27 15:16:23,475 - core.database - DEBUG - [DB_OP] Starting create_tables
2026-01-27 15:16:23,475 - core.database - INFO - 🔧 Starting table creation...
2026-01-27 15:16:25,255 - core.database - INFO - Tables initialized successfully
2026-01-27 15:16:25,255 - core.database - DEBUG - [DB_OP] Create tables completed in 1.7805s
2026-01-27 15:16:25,315 - services.database - INFO - 🔧 Table creation completed
2026-01-27 15:16:25,316 - services.database - INFO - Database initialized successfully
2026-01-27 15:16:25,316 - services.database - DEBUG - [DB_OP] Database initialization completed in 1.8835s
2026-01-27 15:16:25,317 - services.mock_data - INFO - mock_data directory not found, skipping mock initialization
2026-01-27 15:16:25,317 - services.database - DEBUG - [DB_OP] Starting database initialization
2026-01-27 15:16:25,317 - services.database - INFO - 🔧 Starting database initialization...
2026-01-27 15:16:25,317 - core.database - INFO - Starting database initialization...
2026-01-27 15:16:25,317 - core.database - INFO - Database already initialized
2026-01-27 15:16:25,317 - services.database - INFO - 🔧 Database connection initialized, now creating tables if tables not exist...
2026-01-27 15:16:25,318 - core.database - DEBUG - [DB_OP] Starting create_tables
2026-01-27 15:16:25,318 - core.database - INFO - Tables already initialized
2026-01-27 15:16:25,318 - services.database - INFO - 🔧 Table creation completed
2026-01-27 15:16:25,318 - services.database - INFO - Database initialized successfully
2026-01-27 15:16:25,318 - services.database - DEBUG - [DB_OP] Database initialization completed in 0.0008s
2026-01-27 15:16:25,318 - core.config - DEBUG - Read dynamic attribute admin_user_id from environment variable ADMIN_USER_ID
2026-01-27 15:16:25,318 - core.config - DEBUG - Read dynamic attribute admin_user_email from environment variable ADMIN_USER_EMAIL
2026-01-27 15:16:25,747 - services.auth - DEBUG - Admin user 808894 already exists
2026-01-27 15:16:25,807 - main - INFO - === Application startup completed successfully ===
2026-01-27 15:16:38,631 - services.database - DEBUG - [DB_OP] Starting database close
2026-01-27 15:16:38,694 - core.database - INFO - Database connection closed and engine disposed
2026-01-27 15:16:38,695 - services.database - INFO - Database connections closed
2026-01-27 15:16:38,695 - services.database - DEBUG - [DB_OP] Database close completed in 0.0637s
