2026-01-27 23:55:52,933 - main - INFO - === Logging system initialized ===
2026-01-27 23:55:52,933 - main - INFO - Log file: logs/app_20260127_235552.log
2026-01-27 23:55:52,934 - main - INFO - Log level: INFO
2026-01-27 23:55:52,934 - main - INFO - Timestamp: 20260127_235552
2026-01-27 23:56:09,653 - main - INFO - Included router: routers.aihub.router
2026-01-27 23:56:09,660 - main - INFO - Included router: routers.auth.router
2026-01-27 23:56:09,684 - main - INFO - Included router: routers.chat.router
2026-01-27 23:56:09,684 - main - INFO - Included router: routers.health.router
2026-01-27 23:56:09,789 - main - INFO - Included router: routers.performance.router
2026-01-27 23:56:09,797 - main - INFO - Included router: routers.rbac.router
2026-01-27 23:56:09,807 - main - INFO - Included router: routers.settings.router
2026-01-27 23:56:09,820 - main - INFO - Included router: routers.storage.router
2026-01-27 23:56:09,823 - main - INFO - Included router: routers.user.router
2026-01-27 23:56:09,844 - main - INFO - Included router: routers.verifications.router
2026-01-27 23:56:09,845 - main - INFO - === Application startup initiated ===
2026-01-27 23:56:09,845 - services.database - DEBUG - [DB_OP] Starting database initialization
2026-01-27 23:56:09,846 - services.database - INFO - 🔧 Starting database initialization...
2026-01-27 23:56:09,846 - core.database - INFO - Starting database initialization...
2026-01-27 23:56:09,846 - core.config - DEBUG - Read dynamic attribute database_url from environment variable DATABASE_URL
2026-01-27 23:56:09,846 - core.database - INFO - Normalizing database URL for async compatibility...
2026-01-27 23:56:09,847 - core.database - INFO - Creating async database engine...
2026-01-27 23:56:09,847 - core.database - INFO - Using QueuePool with connection pooling for non-Lambda environment
2026-01-27 23:56:10,396 - core.database - INFO - Database engine created successfully
2026-01-27 23:56:10,396 - core.database - INFO - Creating async session maker...
2026-01-27 23:56:10,396 - core.database - INFO - Async session maker created successfully
2026-01-27 23:56:10,397 - core.database - INFO - Database connection initialized successfully
2026-01-27 23:56:10,397 - core.database - DEBUG - [DB_OP] Starting create_tables
2026-01-27 23:56:10,397 - core.database - INFO - 🔧 Starting table creation...
2026-01-27 23:56:14,226 - core.database - ERROR - Failed to create tables: (sqlalchemy.dialects.postgresql.asyncpg.ProgrammingError) <class 'asyncpg.exceptions.DuplicateTableError'>: relation "idx_created_at" already exists
[SQL: CREATE INDEX idx_created_at ON api_performance_logs (created_at)]
(Background on this error at: https://sqlalche.me/e/20/f405)
2026-01-27 23:56:14,227 - services.database - ERROR - Failed to initialize database: (sqlalchemy.dialects.postgresql.asyncpg.ProgrammingError) <class 'asyncpg.exceptions.DuplicateTableError'>: relation "idx_created_at" already exists
[SQL: CREATE INDEX idx_created_at ON api_performance_logs (created_at)]
(Background on this error at: https://sqlalche.me/e/20/f405)
