2026-01-27 15:15:49,169 - main - INFO - === Logging system initialized ===
2026-01-27 15:15:49,169 - main - INFO - Log file: logs/app_20260127_151549.log
2026-01-27 15:15:49,169 - main - INFO - Log level: INFO
2026-01-27 15:15:49,170 - main - INFO - Timestamp: 20260127_151549
2026-01-27 15:15:49,863 - main - INFO - Included router: routers.aihub.router
2026-01-27 15:15:49,867 - main - INFO - Included router: routers.auth.router
2026-01-27 15:15:49,867 - main - INFO - Included router: routers.health.router
2026-01-27 15:15:49,875 - main - INFO - Included router: routers.settings.router
2026-01-27 15:15:49,884 - main - INFO - Included router: routers.storage.router
2026-01-27 15:15:49,887 - main - INFO - Included router: routers.user.router
2026-01-27 15:15:49,903 - main - INFO - Included router: routers.verifications.router
2026-01-27 15:15:49,904 - main - INFO - === Application startup initiated ===
2026-01-27 15:15:49,904 - services.database - DEBUG - [DB_OP] Starting database initialization
2026-01-27 15:15:49,905 - services.database - INFO - 🔧 Starting database initialization...
2026-01-27 15:15:49,905 - core.database - INFO - Starting database initialization...
2026-01-27 15:15:49,905 - core.config - DEBUG - Read dynamic attribute database_url from environment variable DATABASE_URL
2026-01-27 15:15:49,905 - core.database - INFO - Normalizing database URL for async compatibility...
2026-01-27 15:15:49,906 - core.database - INFO - Creating async database engine...
2026-01-27 15:15:49,906 - core.database - INFO - Using QueuePool with connection pooling for non-Lambda environment
2026-01-27 15:15:49,949 - core.database - INFO - Database engine created successfully
2026-01-27 15:15:49,949 - core.database - INFO - Creating async session maker...
2026-01-27 15:15:49,949 - core.database - INFO - Async session maker created successfully
2026-01-27 15:15:49,949 - core.database - INFO - Database connection initialized successfully
2026-01-27 15:15:49,950 - services.database - INFO - 🔧 Database connection initialized, now creating tables if tables not exist...
2026-01-27 15:15:49,950 - core.database - DEBUG - [DB_OP] Starting create_tables
2026-01-27 15:15:49,950 - core.database - INFO - 🔧 Starting table creation...
2026-01-27 15:15:52,127 - core.database - INFO - Tables initialized successfully
2026-01-27 15:15:52,127 - core.database - DEBUG - [DB_OP] Create tables completed in 2.1777s
2026-01-27 15:15:52,200 - services.database - INFO - 🔧 Table creation completed
2026-01-27 15:15:52,201 - services.database - INFO - Database initialized successfully
2026-01-27 15:15:52,201 - services.database - DEBUG - [DB_OP] Database initialization completed in 2.2962s
2026-01-27 15:15:52,202 - services.mock_data - INFO - mock_data directory not found, skipping mock initialization
2026-01-27 15:15:52,202 - services.database - DEBUG - [DB_OP] Starting database initialization
2026-01-27 15:15:52,202 - services.database - INFO - 🔧 Starting database initialization...
2026-01-27 15:15:52,203 - core.database - INFO - Starting database initialization...
2026-01-27 15:15:52,203 - core.database - INFO - Database already initialized
2026-01-27 15:15:52,203 - services.database - INFO - 🔧 Database connection initialized, now creating tables if tables not exist...
2026-01-27 15:15:52,203 - core.database - DEBUG - [DB_OP] Starting create_tables
2026-01-27 15:15:52,203 - core.database - INFO - Tables already initialized
2026-01-27 15:15:52,203 - services.database - INFO - 🔧 Table creation completed
2026-01-27 15:15:52,203 - services.database - INFO - Database initialized successfully
2026-01-27 15:15:52,203 - services.database - DEBUG - [DB_OP] Database initialization completed in 0.0008s
2026-01-27 15:15:52,203 - core.config - DEBUG - Read dynamic attribute admin_user_id from environment variable ADMIN_USER_ID
2026-01-27 15:15:52,203 - core.config - DEBUG - Read dynamic attribute admin_user_email from environment variable ADMIN_USER_EMAIL
2026-01-27 15:15:52,718 - services.auth - DEBUG - Admin user 808894 already exists
2026-01-27 15:15:52,791 - main - INFO - === Application startup completed successfully ===
2026-01-27 15:16:02,012 - services.database - DEBUG - [DB_OP] Starting database close
2026-01-27 15:16:02,091 - core.database - INFO - Database connection closed and engine disposed
2026-01-27 15:16:02,091 - services.database - INFO - Database connections closed
2026-01-27 15:16:02,091 - services.database - DEBUG - [DB_OP] Database close completed in 0.0789s
