2026-01-27 23:06:54,110 - main - INFO - === Logging system initialized ===
2026-01-27 23:06:54,110 - main - INFO - Log file: logs/app_20260127_230654.log
2026-01-27 23:06:54,110 - main - INFO - Log level: INFO
2026-01-27 23:06:54,110 - main - INFO - Timestamp: 20260127_230654
2026-01-27 23:06:56,541 - main - INFO - Included router: routers.aihub.router
2026-01-27 23:06:56,545 - main - INFO - Included router: routers.auth.router
2026-01-27 23:06:56,561 - main - INFO - Included router: routers.chat.router
2026-01-27 23:06:56,562 - main - INFO - Included router: routers.health.router
2026-01-27 23:06:56,567 - main - INFO - Included router: routers.rbac.router
2026-01-27 23:06:56,575 - main - INFO - Included router: routers.settings.router
2026-01-27 23:06:56,585 - main - INFO - Included router: routers.storage.router
2026-01-27 23:06:56,587 - main - INFO - Included router: routers.user.router
2026-01-27 23:06:56,605 - main - INFO - Included router: routers.verifications.router
2026-01-27 23:06:56,606 - main - INFO - === Application startup initiated ===
2026-01-27 23:06:56,606 - services.database - DEBUG - [DB_OP] Starting database initialization
2026-01-27 23:06:56,606 - services.database - INFO - 🔧 Starting database initialization...
2026-01-27 23:06:56,606 - core.database - INFO - Starting database initialization...
2026-01-27 23:06:56,606 - core.config - DEBUG - Read dynamic attribute database_url from environment variable DATABASE_URL
2026-01-27 23:06:56,606 - core.database - INFO - Normalizing database URL for async compatibility...
2026-01-27 23:06:56,607 - core.database - INFO - Creating async database engine...
2026-01-27 23:06:56,607 - core.database - INFO - Using QueuePool with connection pooling for non-Lambda environment
2026-01-27 23:06:56,657 - core.database - INFO - Database engine created successfully
2026-01-27 23:06:56,657 - core.database - INFO - Creating async session maker...
2026-01-27 23:06:56,658 - core.database - INFO - Async session maker created successfully
2026-01-27 23:06:56,658 - core.database - INFO - Database connection initialized successfully
2026-01-27 23:06:56,658 - core.database - DEBUG - [DB_OP] Starting create_tables
2026-01-27 23:06:56,658 - core.database - INFO - 🔧 Starting table creation...
2026-01-27 23:06:59,074 - core.database - INFO - Tables initialized successfully
2026-01-27 23:06:59,075 - core.database - DEBUG - [DB_OP] Create tables completed in 2.4168s
2026-01-27 23:06:59,137 - core.database - DEBUG - [DB_OP] Starting get_db session creation
2026-01-27 23:06:59,137 - core.database - DEBUG - [DB_OP] Database session created successfully in 0.0004s
2026-01-27 23:06:59,581 - services.database - INFO - ✅ RBAC roles and permissions initialized
2026-01-27 23:06:59,581 - services.database - INFO - ✅ Database initialization completed successfully
2026-01-27 23:06:59,596 - services.mock_data - INFO - mock_data directory not found, skipping mock initialization
2026-01-27 23:06:59,596 - core.config - DEBUG - Read dynamic attribute admin_user_id from environment variable ADMIN_USER_ID
2026-01-27 23:06:59,596 - core.config - DEBUG - Read dynamic attribute admin_user_email from environment variable ADMIN_USER_EMAIL
2026-01-27 23:06:59,598 - core.database - DEBUG - [DB_OP] Database session cleanup after 0.4614s
2026-01-27 23:07:00,312 - services.auth - INFO - ✅ Admin user 808894 already exists
2026-01-27 23:07:00,384 - main - INFO - === Application startup completed successfully ===
2026-01-27 23:07:13,823 - dependencies.auth - DEBUG - Authentication required for request GET /api/v1/auth/me
2026-01-27 23:07:20,423 - services.database - INFO - Closing database connections...
2026-01-27 23:07:20,561 - core.database - INFO - Database connection closed and engine disposed
2026-01-27 23:07:20,562 - services.database - INFO - Database connections closed
