2026-01-27 15:18:49,401 - main - INFO - === Logging system initialized ===
2026-01-27 15:18:49,401 - main - INFO - Log file: logs/app_20260127_151849.log
2026-01-27 15:18:49,401 - main - INFO - Log level: INFO
2026-01-27 15:18:49,401 - main - INFO - Timestamp: 20260127_151849
2026-01-27 15:18:50,272 - main - INFO - Included router: routers.aihub.router
2026-01-27 15:18:50,276 - main - INFO - Included router: routers.auth.router
2026-01-27 15:18:50,292 - main - INFO - Included router: routers.chat.router
2026-01-27 15:18:50,292 - main - INFO - Included router: routers.health.router
2026-01-27 15:18:50,300 - main - INFO - Included router: routers.settings.router
2026-01-27 15:18:50,310 - main - INFO - Included router: routers.storage.router
2026-01-27 15:18:50,313 - main - INFO - Included router: routers.user.router
2026-01-27 15:18:50,329 - main - INFO - Included router: routers.verifications.router
2026-01-27 15:18:50,330 - main - INFO - === Application startup initiated ===
2026-01-27 15:18:50,330 - services.database - DEBUG - [DB_OP] Starting database initialization
2026-01-27 15:18:50,330 - services.database - INFO - 🔧 Starting database initialization...
2026-01-27 15:18:50,330 - core.database - INFO - Starting database initialization...
2026-01-27 15:18:50,330 - core.config - DEBUG - Read dynamic attribute database_url from environment variable DATABASE_URL
2026-01-27 15:18:50,330 - core.database - INFO - Normalizing database URL for async compatibility...
2026-01-27 15:18:50,331 - core.database - INFO - Creating async database engine...
2026-01-27 15:18:50,331 - core.database - INFO - Using QueuePool with connection pooling for non-Lambda environment
2026-01-27 15:18:50,382 - core.database - INFO - Database engine created successfully
2026-01-27 15:18:50,382 - core.database - INFO - Creating async session maker...
2026-01-27 15:18:50,382 - core.database - INFO - Async session maker created successfully
2026-01-27 15:18:50,382 - core.database - INFO - Database connection initialized successfully
2026-01-27 15:18:50,382 - services.database - INFO - 🔧 Database connection initialized, now creating tables if tables not exist...
2026-01-27 15:18:50,383 - core.database - DEBUG - [DB_OP] Starting create_tables
2026-01-27 15:18:50,383 - core.database - INFO - 🔧 Starting table creation...
2026-01-27 15:18:52,401 - core.database - INFO - Tables initialized successfully
2026-01-27 15:18:52,402 - core.database - DEBUG - [DB_OP] Create tables completed in 2.0191s
2026-01-27 15:18:52,461 - services.database - INFO - 🔧 Table creation completed
2026-01-27 15:18:52,461 - services.database - INFO - Database initialized successfully
2026-01-27 15:18:52,461 - services.database - DEBUG - [DB_OP] Database initialization completed in 2.1314s
2026-01-27 15:18:52,462 - services.mock_data - INFO - mock_data directory not found, skipping mock initialization
2026-01-27 15:18:52,462 - services.database - DEBUG - [DB_OP] Starting database initialization
2026-01-27 15:18:52,462 - services.database - INFO - 🔧 Starting database initialization...
2026-01-27 15:18:52,462 - core.database - INFO - Starting database initialization...
2026-01-27 15:18:52,462 - core.database - INFO - Database already initialized
2026-01-27 15:18:52,462 - services.database - INFO - 🔧 Database connection initialized, now creating tables if tables not exist...
2026-01-27 15:18:52,462 - core.database - DEBUG - [DB_OP] Starting create_tables
2026-01-27 15:18:52,462 - core.database - INFO - Tables already initialized
2026-01-27 15:18:52,463 - services.database - INFO - 🔧 Table creation completed
2026-01-27 15:18:52,463 - services.database - INFO - Database initialized successfully
2026-01-27 15:18:52,463 - services.database - DEBUG - [DB_OP] Database initialization completed in 0.0010s
2026-01-27 15:18:52,463 - core.config - DEBUG - Read dynamic attribute admin_user_id from environment variable ADMIN_USER_ID
2026-01-27 15:18:52,463 - core.config - DEBUG - Read dynamic attribute admin_user_email from environment variable ADMIN_USER_EMAIL
2026-01-27 15:18:52,891 - services.auth - DEBUG - Admin user 808894 already exists
2026-01-27 15:18:52,951 - main - INFO - === Application startup completed successfully ===
2026-01-27 15:19:39,451 - services.database - DEBUG - [DB_OP] Starting database close
2026-01-27 15:19:39,515 - core.database - INFO - Database connection closed and engine disposed
2026-01-27 15:19:39,515 - services.database - INFO - Database connections closed
2026-01-27 15:19:39,516 - services.database - DEBUG - [DB_OP] Database close completed in 0.0641s
