2026-01-27 15:16:51,294 - main - INFO - === Logging system initialized ===
2026-01-27 15:16:51,294 - main - INFO - Log file: logs/app_20260127_151651.log
2026-01-27 15:16:51,295 - main - INFO - Log level: INFO
2026-01-27 15:16:51,295 - main - INFO - Timestamp: 20260127_151651
2026-01-27 15:16:51,988 - main - INFO - Included router: routers.aihub.router
2026-01-27 15:16:51,992 - main - INFO - Included router: routers.auth.router
2026-01-27 15:16:52,008 - main - INFO - Included router: routers.chat.router
2026-01-27 15:16:52,008 - main - INFO - Included router: routers.health.router
2026-01-27 15:16:52,016 - main - INFO - Included router: routers.settings.router
2026-01-27 15:16:52,026 - main - INFO - Included router: routers.storage.router
2026-01-27 15:16:52,028 - main - INFO - Included router: routers.user.router
2026-01-27 15:16:52,044 - main - INFO - Included router: routers.verifications.router
2026-01-27 15:16:52,045 - main - INFO - === Application startup initiated ===
2026-01-27 15:16:52,045 - services.database - DEBUG - [DB_OP] Starting database initialization
2026-01-27 15:16:52,045 - services.database - INFO - 🔧 Starting database initialization...
2026-01-27 15:16:52,045 - core.database - INFO - Starting database initialization...
2026-01-27 15:16:52,045 - core.config - DEBUG - Read dynamic attribute database_url from environment variable DATABASE_URL
2026-01-27 15:16:52,045 - core.database - INFO - Normalizing database URL for async compatibility...
2026-01-27 15:16:52,046 - core.database - INFO - Creating async database engine...
2026-01-27 15:16:52,046 - core.database - INFO - Using QueuePool with connection pooling for non-Lambda environment
2026-01-27 15:16:52,087 - core.database - INFO - Database engine created successfully
2026-01-27 15:16:52,088 - core.database - INFO - Creating async session maker...
2026-01-27 15:16:52,088 - core.database - INFO - Async session maker created successfully
2026-01-27 15:16:52,088 - core.database - INFO - Database connection initialized successfully
2026-01-27 15:16:52,088 - services.database - INFO - 🔧 Database connection initialized, now creating tables if tables not exist...
2026-01-27 15:16:52,088 - core.database - DEBUG - [DB_OP] Starting create_tables
2026-01-27 15:16:52,088 - core.database - INFO - 🔧 Starting table creation...
2026-01-27 15:16:54,145 - core.database - INFO - Tables initialized successfully
2026-01-27 15:16:54,146 - core.database - DEBUG - [DB_OP] Create tables completed in 2.0577s
2026-01-27 15:16:54,207 - services.database - INFO - 🔧 Table creation completed
2026-01-27 15:16:54,207 - services.database - INFO - Database initialized successfully
2026-01-27 15:16:54,207 - services.database - DEBUG - [DB_OP] Database initialization completed in 2.1619s
2026-01-27 15:16:54,208 - services.mock_data - INFO - mock_data directory not found, skipping mock initialization
2026-01-27 15:16:54,208 - services.database - DEBUG - [DB_OP] Starting database initialization
2026-01-27 15:16:54,208 - services.database - INFO - 🔧 Starting database initialization...
2026-01-27 15:16:54,208 - core.database - INFO - Starting database initialization...
2026-01-27 15:16:54,208 - core.database - INFO - Database already initialized
2026-01-27 15:16:54,208 - services.database - INFO - 🔧 Database connection initialized, now creating tables if tables not exist...
2026-01-27 15:16:54,209 - core.database - DEBUG - [DB_OP] Starting create_tables
2026-01-27 15:16:54,209 - core.database - INFO - Tables already initialized
2026-01-27 15:16:54,209 - services.database - INFO - 🔧 Table creation completed
2026-01-27 15:16:54,209 - services.database - INFO - Database initialized successfully
2026-01-27 15:16:54,209 - services.database - DEBUG - [DB_OP] Database initialization completed in 0.0010s
2026-01-27 15:16:54,209 - core.config - DEBUG - Read dynamic attribute admin_user_id from environment variable ADMIN_USER_ID
2026-01-27 15:16:54,209 - core.config - DEBUG - Read dynamic attribute admin_user_email from environment variable ADMIN_USER_EMAIL
2026-01-27 15:16:54,645 - services.auth - DEBUG - Admin user 808894 already exists
2026-01-27 15:16:54,707 - main - INFO - === Application startup completed successfully ===
2026-01-27 15:18:39,065 - services.database - DEBUG - [DB_OP] Starting database close
2026-01-27 15:18:39,130 - core.database - INFO - Database connection closed and engine disposed
2026-01-27 15:18:39,130 - services.database - INFO - Database connections closed
2026-01-27 15:18:39,130 - services.database - DEBUG - [DB_OP] Database close completed in 0.0652s
