2026-01-27 23:05:21,665 - main - INFO - === Logging system initialized ===
2026-01-27 23:05:21,665 - main - INFO - Log file: logs/app_20260127_230521.log
2026-01-27 23:05:21,665 - main - INFO - Log level: INFO
2026-01-27 23:05:21,665 - main - INFO - Timestamp: 20260127_230521
2026-01-27 23:05:22,954 - main - INFO - Included router: routers.aihub.router
2026-01-27 23:05:22,958 - main - INFO - Included router: routers.auth.router
2026-01-27 23:05:22,974 - main - INFO - Included router: routers.chat.router
2026-01-27 23:05:22,974 - main - INFO - Included router: routers.health.router
2026-01-27 23:05:22,980 - main - INFO - Included router: routers.rbac.router
2026-01-27 23:05:22,987 - main - INFO - Included router: routers.settings.router
2026-01-27 23:05:22,997 - main - INFO - Included router: routers.storage.router
2026-01-27 23:05:22,999 - main - INFO - Included router: routers.user.router
2026-01-27 23:05:23,015 - main - INFO - Included router: routers.verifications.router
2026-01-27 23:05:23,016 - main - INFO - === Application startup initiated ===
2026-01-27 23:05:23,016 - services.database - DEBUG - [DB_OP] Starting database initialization
2026-01-27 23:05:23,016 - services.database - INFO - 🔧 Starting database initialization...
2026-01-27 23:05:23,016 - core.database - INFO - Starting database initialization...
2026-01-27 23:05:23,016 - core.config - DEBUG - Read dynamic attribute database_url from environment variable DATABASE_URL
2026-01-27 23:05:23,016 - core.database - INFO - Normalizing database URL for async compatibility...
2026-01-27 23:05:23,017 - core.database - INFO - Creating async database engine...
2026-01-27 23:05:23,017 - core.database - INFO - Using QueuePool with connection pooling for non-Lambda environment
2026-01-27 23:05:23,080 - core.database - INFO - Database engine created successfully
2026-01-27 23:05:23,080 - core.database - INFO - Creating async session maker...
2026-01-27 23:05:23,080 - core.database - INFO - Async session maker created successfully
2026-01-27 23:05:23,080 - core.database - INFO - Database connection initialized successfully
2026-01-27 23:05:23,080 - core.database - DEBUG - [DB_OP] Starting create_tables
2026-01-27 23:05:23,080 - core.database - INFO - 🔧 Starting table creation...
2026-01-27 23:05:25,518 - core.database - INFO - Tables initialized successfully
2026-01-27 23:05:25,518 - core.database - DEBUG - [DB_OP] Create tables completed in 2.4374s
2026-01-27 23:05:25,580 - core.database - DEBUG - [DB_OP] Starting get_db session creation
2026-01-27 23:05:25,580 - core.database - DEBUG - [DB_OP] Database session created successfully in 0.0003s
2026-01-27 23:05:26,024 - services.database - INFO - ✅ RBAC roles and permissions initialized
2026-01-27 23:05:26,025 - services.database - INFO - ✅ Database initialization completed successfully
2026-01-27 23:05:26,037 - services.mock_data - INFO - mock_data directory not found, skipping mock initialization
2026-01-27 23:05:26,037 - core.config - DEBUG - Read dynamic attribute admin_user_id from environment variable ADMIN_USER_ID
2026-01-27 23:05:26,037 - core.config - DEBUG - Read dynamic attribute admin_user_email from environment variable ADMIN_USER_EMAIL
2026-01-27 23:05:26,040 - core.database - DEBUG - [DB_OP] Database session cleanup after 0.4600s
2026-01-27 23:05:26,736 - services.auth - INFO - ✅ Admin user 808894 already exists
2026-01-27 23:05:26,797 - main - INFO - === Application startup completed successfully ===
