2026-01-27 15:23:46,105 - main - INFO - === Logging system initialized ===
2026-01-27 15:23:46,105 - main - INFO - Log file: logs/app_20260127_152346.log
2026-01-27 15:23:46,105 - main - INFO - Log level: INFO
2026-01-27 15:23:46,106 - main - INFO - Timestamp: 20260127_152346
2026-01-27 15:23:46,868 - main - INFO - Included router: routers.aihub.router
2026-01-27 15:23:46,872 - main - INFO - Included router: routers.auth.router
2026-01-27 15:23:46,891 - main - INFO - Included router: routers.chat.router
2026-01-27 15:23:46,892 - main - INFO - Included router: routers.health.router
2026-01-27 15:23:47,077 - main - INFO - Included router: routers.rbac.router
2026-01-27 15:23:47,084 - main - INFO - Included router: routers.settings.router
2026-01-27 15:23:47,094 - main - INFO - Included router: routers.storage.router
2026-01-27 15:23:47,097 - main - INFO - Included router: routers.user.router
2026-01-27 15:23:47,113 - main - INFO - Included router: routers.verifications.router
2026-01-27 15:23:47,114 - main - INFO - === Application startup initiated ===
2026-01-27 15:23:47,114 - services.database - DEBUG - [DB_OP] Starting database initialization
2026-01-27 15:23:47,114 - services.database - INFO - 🔧 Starting database initialization...
2026-01-27 15:23:47,114 - core.database - INFO - Starting database initialization...
2026-01-27 15:23:47,114 - core.config - DEBUG - Read dynamic attribute database_url from environment variable DATABASE_URL
2026-01-27 15:23:47,114 - core.database - INFO - Normalizing database URL for async compatibility...
2026-01-27 15:23:47,115 - core.database - INFO - Creating async database engine...
2026-01-27 15:23:47,115 - core.database - INFO - Using QueuePool with connection pooling for non-Lambda environment
2026-01-27 15:23:47,148 - core.database - INFO - Database engine created successfully
2026-01-27 15:23:47,149 - core.database - INFO - Creating async session maker...
2026-01-27 15:23:47,149 - core.database - INFO - Async session maker created successfully
2026-01-27 15:23:47,149 - core.database - INFO - Database connection initialized successfully
2026-01-27 15:23:47,149 - services.database - INFO - 🔧 Database connection initialized, now creating tables if tables not exist...
2026-01-27 15:23:47,149 - core.database - DEBUG - [DB_OP] Starting create_tables
2026-01-27 15:23:47,149 - core.database - INFO - 🔧 Starting table creation...
2026-01-27 15:23:50,219 - core.database - INFO - Tables initialized successfully
2026-01-27 15:23:50,220 - core.database - DEBUG - [DB_OP] Create tables completed in 3.0708s
2026-01-27 15:23:50,283 - services.database - INFO - 🔧 Table creation completed
2026-01-27 15:23:50,283 - services.database - INFO - Database initialized successfully
2026-01-27 15:23:50,283 - services.database - DEBUG - [DB_OP] Database initialization completed in 3.1692s
2026-01-27 15:23:50,283 - services.mock_data - INFO - mock_data directory not found, skipping mock initialization
2026-01-27 15:23:50,284 - services.database - DEBUG - [DB_OP] Starting database initialization
2026-01-27 15:23:50,284 - services.database - INFO - 🔧 Starting database initialization...
2026-01-27 15:23:50,284 - core.database - INFO - Starting database initialization...
2026-01-27 15:23:50,284 - core.database - INFO - Database already initialized
2026-01-27 15:23:50,284 - services.database - INFO - 🔧 Database connection initialized, now creating tables if tables not exist...
2026-01-27 15:23:50,284 - core.database - DEBUG - [DB_OP] Starting create_tables
2026-01-27 15:23:50,284 - core.database - INFO - Tables already initialized
2026-01-27 15:23:50,284 - services.database - INFO - 🔧 Table creation completed
2026-01-27 15:23:50,284 - services.database - INFO - Database initialized successfully
2026-01-27 15:23:50,284 - services.database - DEBUG - [DB_OP] Database initialization completed in 0.0008s
2026-01-27 15:23:50,284 - core.config - DEBUG - Read dynamic attribute admin_user_id from environment variable ADMIN_USER_ID
2026-01-27 15:23:50,285 - core.config - DEBUG - Read dynamic attribute admin_user_email from environment variable ADMIN_USER_EMAIL
2026-01-27 15:23:50,730 - services.auth - DEBUG - Admin user 808894 already exists
2026-01-27 15:23:50,793 - main - INFO - === Application startup completed successfully ===
