2026-01-27 15:10:35,934 - main - INFO - === Logging system initialized ===
2026-01-27 15:10:35,934 - main - INFO - Log file: logs/app_20260127_151035.log
2026-01-27 15:10:35,934 - main - INFO - Log level: INFO
2026-01-27 15:10:35,934 - main - INFO - Timestamp: 20260127_151035
2026-01-27 15:10:36,684 - main - INFO - Included router: routers.aihub.router
2026-01-27 15:10:36,688 - main - INFO - Included router: routers.auth.router
2026-01-27 15:10:36,688 - main - INFO - Included router: routers.health.router
2026-01-27 15:10:36,696 - main - INFO - Included router: routers.settings.router
2026-01-27 15:10:36,705 - main - INFO - Included router: routers.storage.router
2026-01-27 15:10:36,708 - main - INFO - Included router: routers.user.router
2026-01-27 15:10:36,724 - main - INFO - Included router: routers.verifications.router
2026-01-27 15:10:36,725 - main - INFO - === Application startup initiated ===
2026-01-27 15:10:36,725 - services.database - DEBUG - [DB_OP] Starting database initialization
2026-01-27 15:10:36,725 - services.database - INFO - 🔧 Starting database initialization...
2026-01-27 15:10:36,725 - core.database - INFO - Starting database initialization...
2026-01-27 15:10:36,725 - core.config - DEBUG - Read dynamic attribute database_url from environment variable DATABASE_URL
2026-01-27 15:10:36,725 - core.database - INFO - Normalizing database URL for async compatibility...
2026-01-27 15:10:36,726 - core.database - INFO - Creating async database engine...
2026-01-27 15:10:36,726 - core.database - INFO - Using QueuePool with connection pooling for non-Lambda environment
2026-01-27 15:10:36,769 - core.database - INFO - Database engine created successfully
2026-01-27 15:10:36,769 - core.database - INFO - Creating async session maker...
2026-01-27 15:10:36,769 - core.database - INFO - Async session maker created successfully
2026-01-27 15:10:36,769 - core.database - INFO - Database connection initialized successfully
2026-01-27 15:10:36,769 - services.database - INFO - 🔧 Database connection initialized, now creating tables if tables not exist...
2026-01-27 15:10:36,769 - core.database - DEBUG - [DB_OP] Starting create_tables
2026-01-27 15:10:36,770 - core.database - INFO - 🔧 Starting table creation...
2026-01-27 15:10:38,614 - core.database - INFO - Tables initialized successfully
2026-01-27 15:10:38,614 - core.database - DEBUG - [DB_OP] Create tables completed in 1.8450s
2026-01-27 15:10:38,675 - services.database - INFO - 🔧 Table creation completed
2026-01-27 15:10:38,675 - services.database - INFO - Database initialized successfully
2026-01-27 15:10:38,675 - services.database - DEBUG - [DB_OP] Database initialization completed in 1.9500s
2026-01-27 15:10:38,676 - services.mock_data - INFO - mock_data directory not found, skipping mock initialization
2026-01-27 15:10:38,676 - services.database - DEBUG - [DB_OP] Starting database initialization
2026-01-27 15:10:38,676 - services.database - INFO - 🔧 Starting database initialization...
2026-01-27 15:10:38,676 - core.database - INFO - Starting database initialization...
2026-01-27 15:10:38,677 - core.database - INFO - Database already initialized
2026-01-27 15:10:38,677 - services.database - INFO - 🔧 Database connection initialized, now creating tables if tables not exist...
2026-01-27 15:10:38,677 - core.database - DEBUG - [DB_OP] Starting create_tables
2026-01-27 15:10:38,677 - core.database - INFO - Tables already initialized
2026-01-27 15:10:38,677 - services.database - INFO - 🔧 Table creation completed
2026-01-27 15:10:38,677 - services.database - INFO - Database initialized successfully
2026-01-27 15:10:38,677 - services.database - DEBUG - [DB_OP] Database initialization completed in 0.0008s
2026-01-27 15:10:38,677 - core.config - DEBUG - Read dynamic attribute admin_user_id from environment variable ADMIN_USER_ID
2026-01-27 15:10:38,677 - core.config - DEBUG - Read dynamic attribute admin_user_email from environment variable ADMIN_USER_EMAIL
2026-01-27 15:10:39,104 - services.auth - DEBUG - Admin user 808894 already exists
2026-01-27 15:10:39,165 - main - INFO - === Application startup completed successfully ===
