2026-01-27 15:16:07,633 - main - INFO - === Logging system initialized ===
2026-01-27 15:16:07,634 - main - INFO - Log file: logs/app_20260127_151607.log
2026-01-27 15:16:07,634 - main - INFO - Log level: INFO
2026-01-27 15:16:07,634 - main - INFO - Timestamp: 20260127_151607
2026-01-27 15:16:08,334 - main - INFO - Included router: routers.aihub.router
2026-01-27 15:16:08,338 - main - INFO - Included router: routers.auth.router
2026-01-27 15:16:08,338 - main - INFO - Included router: routers.health.router
2026-01-27 15:16:08,346 - main - INFO - Included router: routers.settings.router
2026-01-27 15:16:08,355 - main - INFO - Included router: routers.storage.router
2026-01-27 15:16:08,358 - main - INFO - Included router: routers.user.router
2026-01-27 15:16:08,374 - main - INFO - Included router: routers.verifications.router
2026-01-27 15:16:08,375 - main - INFO - === Application startup initiated ===
2026-01-27 15:16:08,375 - services.database - DEBUG - [DB_OP] Starting database initialization
2026-01-27 15:16:08,375 - services.database - INFO - 🔧 Starting database initialization...
2026-01-27 15:16:08,375 - core.database - INFO - Starting database initialization...
2026-01-27 15:16:08,375 - core.config - DEBUG - Read dynamic attribute database_url from environment variable DATABASE_URL
2026-01-27 15:16:08,375 - core.database - INFO - Normalizing database URL for async compatibility...
2026-01-27 15:16:08,376 - core.database - INFO - Creating async database engine...
2026-01-27 15:16:08,376 - core.database - INFO - Using QueuePool with connection pooling for non-Lambda environment
2026-01-27 15:16:08,414 - core.database - INFO - Database engine created successfully
2026-01-27 15:16:08,414 - core.database - INFO - Creating async session maker...
2026-01-27 15:16:08,414 - core.database - INFO - Async session maker created successfully
2026-01-27 15:16:08,414 - core.database - INFO - Database connection initialized successfully
2026-01-27 15:16:08,415 - services.database - INFO - 🔧 Database connection initialized, now creating tables if tables not exist...
2026-01-27 15:16:08,415 - core.database - DEBUG - [DB_OP] Starting create_tables
2026-01-27 15:16:08,415 - core.database - INFO - 🔧 Starting table creation...
2026-01-27 15:16:10,550 - core.database - INFO - Tables initialized successfully
2026-01-27 15:16:10,550 - core.database - DEBUG - [DB_OP] Create tables completed in 2.1357s
2026-01-27 15:16:10,622 - services.database - INFO - 🔧 Table creation completed
2026-01-27 15:16:10,622 - services.database - INFO - Database initialized successfully
2026-01-27 15:16:10,622 - services.database - DEBUG - [DB_OP] Database initialization completed in 2.2473s
2026-01-27 15:16:10,623 - services.mock_data - INFO - mock_data directory not found, skipping mock initialization
2026-01-27 15:16:10,624 - services.database - DEBUG - [DB_OP] Starting database initialization
2026-01-27 15:16:10,624 - services.database - INFO - 🔧 Starting database initialization...
2026-01-27 15:16:10,624 - core.database - INFO - Starting database initialization...
2026-01-27 15:16:10,624 - core.database - INFO - Database already initialized
2026-01-27 15:16:10,624 - services.database - INFO - 🔧 Database connection initialized, now creating tables if tables not exist...
2026-01-27 15:16:10,624 - core.database - DEBUG - [DB_OP] Starting create_tables
2026-01-27 15:16:10,624 - core.database - INFO - Tables already initialized
2026-01-27 15:16:10,624 - services.database - INFO - 🔧 Table creation completed
2026-01-27 15:16:10,624 - services.database - INFO - Database initialized successfully
2026-01-27 15:16:10,624 - services.database - DEBUG - [DB_OP] Database initialization completed in 0.0008s
2026-01-27 15:16:10,624 - core.config - DEBUG - Read dynamic attribute admin_user_id from environment variable ADMIN_USER_ID
2026-01-27 15:16:10,625 - core.config - DEBUG - Read dynamic attribute admin_user_email from environment variable ADMIN_USER_EMAIL
2026-01-27 15:16:11,134 - services.auth - DEBUG - Admin user 808894 already exists
2026-01-27 15:16:11,206 - main - INFO - === Application startup completed successfully ===
2026-01-27 15:16:21,424 - services.database - DEBUG - [DB_OP] Starting database close
2026-01-27 15:16:21,498 - core.database - INFO - Database connection closed and engine disposed
2026-01-27 15:16:21,499 - services.database - INFO - Database connections closed
2026-01-27 15:16:21,499 - services.database - DEBUG - [DB_OP] Database close completed in 0.0748s
