2026-01-27 15:14:25,728 - main - INFO - === Logging system initialized ===
2026-01-27 15:14:25,728 - main - INFO - Log file: logs/app_20260127_151425.log
2026-01-27 15:14:25,728 - main - INFO - Log level: INFO
2026-01-27 15:14:25,728 - main - INFO - Timestamp: 20260127_151425
2026-01-27 15:14:26,515 - main - INFO - Included router: routers.aihub.router
2026-01-27 15:14:26,519 - main - INFO - Included router: routers.auth.router
2026-01-27 15:14:26,519 - main - INFO - Included router: routers.health.router
2026-01-27 15:14:26,527 - main - INFO - Included router: routers.settings.router
2026-01-27 15:14:26,536 - main - INFO - Included router: routers.storage.router
2026-01-27 15:14:26,539 - main - INFO - Included router: routers.user.router
2026-01-27 15:14:26,555 - main - INFO - Included router: routers.verifications.router
2026-01-27 15:14:26,556 - main - INFO - === Application startup initiated ===
2026-01-27 15:14:26,556 - services.database - DEBUG - [DB_OP] Starting database initialization
2026-01-27 15:14:26,556 - services.database - INFO - 🔧 Starting database initialization...
2026-01-27 15:14:26,557 - core.database - INFO - Starting database initialization...
2026-01-27 15:14:26,557 - core.config - DEBUG - Read dynamic attribute database_url from environment variable DATABASE_URL
2026-01-27 15:14:26,557 - core.database - INFO - Normalizing database URL for async compatibility...
2026-01-27 15:14:26,558 - core.database - INFO - Creating async database engine...
2026-01-27 15:14:26,558 - core.database - INFO - Using QueuePool with connection pooling for non-Lambda environment
2026-01-27 15:14:26,607 - core.database - INFO - Database engine created successfully
2026-01-27 15:14:26,607 - core.database - INFO - Creating async session maker...
2026-01-27 15:14:26,607 - core.database - INFO - Async session maker created successfully
2026-01-27 15:14:26,607 - core.database - INFO - Database connection initialized successfully
2026-01-27 15:14:26,607 - services.database - INFO - 🔧 Database connection initialized, now creating tables if tables not exist...
2026-01-27 15:14:26,608 - core.database - DEBUG - [DB_OP] Starting create_tables
2026-01-27 15:14:26,608 - core.database - INFO - 🔧 Starting table creation...
2026-01-27 15:14:28,461 - core.database - INFO - Tables initialized successfully
2026-01-27 15:14:28,461 - core.database - DEBUG - [DB_OP] Create tables completed in 1.8535s
2026-01-27 15:14:28,523 - services.database - INFO - 🔧 Table creation completed
2026-01-27 15:14:28,523 - services.database - INFO - Database initialized successfully
2026-01-27 15:14:28,523 - services.database - DEBUG - [DB_OP] Database initialization completed in 1.9671s
2026-01-27 15:14:28,524 - services.mock_data - INFO - mock_data directory not found, skipping mock initialization
2026-01-27 15:14:28,524 - services.database - DEBUG - [DB_OP] Starting database initialization
2026-01-27 15:14:28,524 - services.database - INFO - 🔧 Starting database initialization...
2026-01-27 15:14:28,524 - core.database - INFO - Starting database initialization...
2026-01-27 15:14:28,525 - core.database - INFO - Database already initialized
2026-01-27 15:14:28,525 - services.database - INFO - 🔧 Database connection initialized, now creating tables if tables not exist...
2026-01-27 15:14:28,525 - core.database - DEBUG - [DB_OP] Starting create_tables
2026-01-27 15:14:28,525 - core.database - INFO - Tables already initialized
2026-01-27 15:14:28,525 - services.database - INFO - 🔧 Table creation completed
2026-01-27 15:14:28,525 - services.database - INFO - Database initialized successfully
2026-01-27 15:14:28,525 - services.database - DEBUG - [DB_OP] Database initialization completed in 0.0009s
2026-01-27 15:14:28,525 - core.config - DEBUG - Read dynamic attribute admin_user_id from environment variable ADMIN_USER_ID
2026-01-27 15:14:28,525 - core.config - DEBUG - Read dynamic attribute admin_user_email from environment variable ADMIN_USER_EMAIL
2026-01-27 15:14:28,969 - services.auth - DEBUG - Admin user 808894 already exists
2026-01-27 15:14:29,031 - main - INFO - === Application startup completed successfully ===
2026-01-27 15:15:40,016 - services.database - DEBUG - [DB_OP] Starting database close
2026-01-27 15:15:40,081 - core.database - INFO - Database connection closed and engine disposed
2026-01-27 15:15:40,081 - services.database - INFO - Database connections closed
2026-01-27 15:15:40,081 - services.database - DEBUG - [DB_OP] Database close completed in 0.0649s
