2026-01-27 15:10:40,473 - main - INFO - === Logging system initialized ===
2026-01-27 15:10:40,473 - main - INFO - Log file: logs/app_20260127_151040.log
2026-01-27 15:10:40,473 - main - INFO - Log level: INFO
2026-01-27 15:10:40,473 - main - INFO - Timestamp: 20260127_151040
2026-01-27 15:10:41,212 - main - INFO - Included router: routers.aihub.router
2026-01-27 15:10:41,216 - main - INFO - Included router: routers.auth.router
2026-01-27 15:10:41,217 - main - INFO - Included router: routers.health.router
2026-01-27 15:10:41,224 - main - INFO - Included router: routers.settings.router
2026-01-27 15:10:41,234 - main - INFO - Included router: routers.storage.router
2026-01-27 15:10:41,236 - main - INFO - Included router: routers.user.router
2026-01-27 15:10:41,252 - main - INFO - Included router: routers.verifications.router
2026-01-27 15:10:41,253 - main - INFO - === Application startup initiated ===
2026-01-27 15:10:41,253 - services.database - DEBUG - [DB_OP] Starting database initialization
2026-01-27 15:10:41,253 - services.database - INFO - 🔧 Starting database initialization...
2026-01-27 15:10:41,254 - core.database - INFO - Starting database initialization...
2026-01-27 15:10:41,254 - core.config - DEBUG - Read dynamic attribute database_url from environment variable DATABASE_URL
2026-01-27 15:10:41,254 - core.database - INFO - Normalizing database URL for async compatibility...
2026-01-27 15:10:41,254 - core.database - INFO - Creating async database engine...
2026-01-27 15:10:41,255 - core.database - INFO - Using QueuePool with connection pooling for non-Lambda environment
2026-01-27 15:10:41,289 - core.database - INFO - Database engine created successfully
2026-01-27 15:10:41,289 - core.database - INFO - Creating async session maker...
2026-01-27 15:10:41,289 - core.database - INFO - Async session maker created successfully
2026-01-27 15:10:41,289 - core.database - INFO - Database connection initialized successfully
2026-01-27 15:10:41,289 - services.database - INFO - 🔧 Database connection initialized, now creating tables if tables not exist...
2026-01-27 15:10:41,289 - core.database - DEBUG - [DB_OP] Starting create_tables
2026-01-27 15:10:41,289 - core.database - INFO - 🔧 Starting table creation...
2026-01-27 15:10:43,165 - core.database - INFO - Tables initialized successfully
2026-01-27 15:10:43,165 - core.database - DEBUG - [DB_OP] Create tables completed in 1.8760s
2026-01-27 15:10:43,228 - services.database - INFO - 🔧 Table creation completed
2026-01-27 15:10:43,228 - services.database - INFO - Database initialized successfully
2026-01-27 15:10:43,228 - services.database - DEBUG - [DB_OP] Database initialization completed in 1.9749s
2026-01-27 15:10:43,229 - services.mock_data - INFO - mock_data directory not found, skipping mock initialization
2026-01-27 15:10:43,229 - services.database - DEBUG - [DB_OP] Starting database initialization
2026-01-27 15:10:43,229 - services.database - INFO - 🔧 Starting database initialization...
2026-01-27 15:10:43,230 - core.database - INFO - Starting database initialization...
2026-01-27 15:10:43,230 - core.database - INFO - Database already initialized
2026-01-27 15:10:43,230 - services.database - INFO - 🔧 Database connection initialized, now creating tables if tables not exist...
2026-01-27 15:10:43,230 - core.database - DEBUG - [DB_OP] Starting create_tables
2026-01-27 15:10:43,230 - core.database - INFO - Tables already initialized
2026-01-27 15:10:43,230 - services.database - INFO - 🔧 Table creation completed
2026-01-27 15:10:43,230 - services.database - INFO - Database initialized successfully
2026-01-27 15:10:43,230 - services.database - DEBUG - [DB_OP] Database initialization completed in 0.0009s
2026-01-27 15:10:43,230 - core.config - DEBUG - Read dynamic attribute admin_user_id from environment variable ADMIN_USER_ID
2026-01-27 15:10:43,231 - core.config - DEBUG - Read dynamic attribute admin_user_email from environment variable ADMIN_USER_EMAIL
2026-01-27 15:10:43,672 - services.auth - DEBUG - Admin user 808894 already exists
2026-01-27 15:10:43,734 - main - INFO - === Application startup completed successfully ===
2026-01-27 15:14:15,883 - services.database - DEBUG - [DB_OP] Starting database close
2026-01-27 15:14:15,948 - core.database - INFO - Database connection closed and engine disposed
2026-01-27 15:14:15,948 - services.database - INFO - Database connections closed
2026-01-27 15:14:15,949 - services.database - DEBUG - [DB_OP] Database close completed in 0.0658s
