2026-01-27 23:58:03,781 - main - INFO - === Logging system initialized ===
2026-01-27 23:58:03,781 - main - INFO - Log file: logs/app_20260127_235803.log
2026-01-27 23:58:03,781 - main - INFO - Log level: INFO
2026-01-27 23:58:03,782 - main - INFO - Timestamp: 20260127_235803
2026-01-27 23:58:05,696 - main - INFO - Included router: routers.aihub.router
2026-01-27 23:58:05,703 - main - INFO - Included router: routers.auth.router
2026-01-27 23:58:05,733 - main - INFO - Included router: routers.chat.router
2026-01-27 23:58:05,734 - main - INFO - Included router: routers.health.router
2026-01-27 23:58:05,789 - main - INFO - Included router: routers.performance.router
2026-01-27 23:58:05,796 - main - INFO - Included router: routers.rbac.router
2026-01-27 23:58:05,804 - main - INFO - Included router: routers.settings.router
2026-01-27 23:58:05,816 - main - INFO - Included router: routers.storage.router
2026-01-27 23:58:05,819 - main - INFO - Included router: routers.user.router
2026-01-27 23:58:05,838 - main - INFO - Included router: routers.verifications.router
2026-01-27 23:58:05,941 - main - INFO - Included router: routers.video_call.router
2026-01-27 23:58:05,943 - main - INFO - === Application startup initiated ===
2026-01-27 23:58:05,943 - services.database - DEBUG - [DB_OP] Starting database initialization
2026-01-27 23:58:05,943 - services.database - INFO - 🔧 Starting database initialization...
2026-01-27 23:58:05,943 - core.database - INFO - Starting database initialization...
2026-01-27 23:58:05,943 - core.config - DEBUG - Read dynamic attribute database_url from environment variable DATABASE_URL
2026-01-27 23:58:05,943 - core.database - INFO - Normalizing database URL for async compatibility...
2026-01-27 23:58:05,944 - core.database - INFO - Creating async database engine...
2026-01-27 23:58:05,945 - core.database - INFO - Using QueuePool with connection pooling for non-Lambda environment
2026-01-27 23:58:06,037 - core.database - INFO - Database engine created successfully
2026-01-27 23:58:06,038 - core.database - INFO - Creating async session maker...
2026-01-27 23:58:06,038 - core.database - INFO - Async session maker created successfully
2026-01-27 23:58:06,038 - core.database - INFO - Database connection initialized successfully
2026-01-27 23:58:06,038 - core.database - DEBUG - [DB_OP] Starting create_tables
2026-01-27 23:58:06,038 - core.database - INFO - 🔧 Starting table creation...
2026-01-27 23:58:09,772 - core.database - ERROR - Failed to create tables: (sqlalchemy.dialects.postgresql.asyncpg.ProgrammingError) <class 'asyncpg.exceptions.DuplicateTableError'>: relation "idx_endpoint_created" already exists
[SQL: CREATE INDEX idx_endpoint_created ON api_performance_logs (endpoint, created_at)]
(Background on this error at: https://sqlalche.me/e/20/f405)
2026-01-27 23:58:09,773 - services.database - ERROR - Failed to initialize database: (sqlalchemy.dialects.postgresql.asyncpg.ProgrammingError) <class 'asyncpg.exceptions.DuplicateTableError'>: relation "idx_endpoint_created" already exists
[SQL: CREATE INDEX idx_endpoint_created ON api_performance_logs (endpoint, created_at)]
(Background on this error at: https://sqlalche.me/e/20/f405)
