2026-01-28 00:15:01,296 - main - INFO - === Logging system initialized ===
2026-01-28 00:15:01,297 - main - INFO - Log file: logs/app_20260128_001501.log
2026-01-28 00:15:01,297 - main - INFO - Log level: INFO
2026-01-28 00:15:01,297 - main - INFO - Timestamp: 20260128_001501
2026-01-28 00:15:02,524 - main - INFO - Included router: routers.aihub.router
2026-01-28 00:15:02,529 - main - INFO - Included router: routers.auth.router
2026-01-28 00:15:02,549 - main - INFO - Included router: routers.chat.router
2026-01-28 00:15:02,550 - main - INFO - Included router: routers.health.router
2026-01-28 00:15:02,797 - main - INFO - Included router: routers.performance.router
2026-01-28 00:15:02,805 - main - INFO - Included router: routers.rbac.router
2026-01-28 00:15:02,815 - main - INFO - Included router: routers.settings.router
2026-01-28 00:15:02,828 - main - INFO - Included router: routers.storage.router
2026-01-28 00:15:02,831 - main - INFO - Included router: routers.user.router
2026-01-28 00:15:02,852 - main - INFO - Included router: routers.verifications.router
2026-01-28 00:15:02,876 - main - INFO - Included router: routers.video_call.router
2026-01-28 00:15:02,878 - main - INFO - === Application startup initiated ===
2026-01-28 00:15:02,878 - services.database - DEBUG - [DB_OP] Starting database initialization
2026-01-28 00:15:02,878 - services.database - INFO - 🔧 Starting database initialization...
2026-01-28 00:15:02,878 - core.database - INFO - Starting database initialization...
2026-01-28 00:15:02,878 - core.config - DEBUG - Read dynamic attribute database_url from environment variable DATABASE_URL
2026-01-28 00:15:02,878 - core.database - INFO - Normalizing database URL for async compatibility...
2026-01-28 00:15:02,879 - core.database - INFO - Creating async database engine...
2026-01-28 00:15:02,880 - core.database - INFO - Using QueuePool with connection pooling for non-Lambda environment
2026-01-28 00:15:02,933 - core.database - INFO - Database engine created successfully
2026-01-28 00:15:02,934 - core.database - INFO - Creating async session maker...
2026-01-28 00:15:02,934 - core.database - INFO - Async session maker created successfully
2026-01-28 00:15:02,934 - core.database - INFO - Database connection initialized successfully
2026-01-28 00:15:02,934 - core.database - DEBUG - [DB_OP] Starting create_tables
2026-01-28 00:15:02,935 - core.database - INFO - 🔧 Starting table creation...
2026-01-28 00:15:06,760 - core.database - ERROR - Failed to create tables: (sqlalchemy.dialects.postgresql.asyncpg.ProgrammingError) <class 'asyncpg.exceptions.DuplicateTableError'>: relation "idx_endpoint_created" already exists
[SQL: CREATE INDEX idx_endpoint_created ON api_performance_logs (endpoint, created_at)]
(Background on this error at: https://sqlalche.me/e/20/f405)
2026-01-28 00:15:06,760 - services.database - ERROR - Failed to initialize database: (sqlalchemy.dialects.postgresql.asyncpg.ProgrammingError) <class 'asyncpg.exceptions.DuplicateTableError'>: relation "idx_endpoint_created" already exists
[SQL: CREATE INDEX idx_endpoint_created ON api_performance_logs (endpoint, created_at)]
(Background on this error at: https://sqlalche.me/e/20/f405)
