2026-01-27 15:16:45,926 - main - INFO - === Logging system initialized ===
2026-01-27 15:16:45,926 - main - INFO - Log file: logs/app_20260127_151645.log
2026-01-27 15:16:45,926 - main - INFO - Log level: INFO
2026-01-27 15:16:45,926 - main - INFO - Timestamp: 20260127_151645
2026-01-27 15:16:46,737 - main - INFO - Included router: routers.aihub.router
2026-01-27 15:16:46,741 - main - INFO - Included router: routers.auth.router
2026-01-27 15:16:46,757 - main - INFO - Included router: routers.chat.router
2026-01-27 15:16:46,758 - main - INFO - Included router: routers.health.router
2026-01-27 15:16:46,765 - main - INFO - Included router: routers.settings.router
2026-01-27 15:16:46,776 - main - INFO - Included router: routers.storage.router
2026-01-27 15:16:46,778 - main - INFO - Included router: routers.user.router
2026-01-27 15:16:46,795 - main - INFO - Included router: routers.verifications.router
2026-01-27 15:16:46,796 - main - INFO - === Application startup initiated ===
2026-01-27 15:16:46,796 - services.database - DEBUG - [DB_OP] Starting database initialization
2026-01-27 15:16:46,796 - services.database - INFO - 🔧 Starting database initialization...
2026-01-27 15:16:46,796 - core.database - INFO - Starting database initialization...
2026-01-27 15:16:46,796 - core.config - DEBUG - Read dynamic attribute database_url from environment variable DATABASE_URL
2026-01-27 15:16:46,796 - core.database - INFO - Normalizing database URL for async compatibility...
2026-01-27 15:16:46,797 - core.database - INFO - Creating async database engine...
2026-01-27 15:16:46,797 - core.database - INFO - Using QueuePool with connection pooling for non-Lambda environment
2026-01-27 15:16:46,841 - core.database - INFO - Database engine created successfully
2026-01-27 15:16:46,841 - core.database - INFO - Creating async session maker...
2026-01-27 15:16:46,841 - core.database - INFO - Async session maker created successfully
2026-01-27 15:16:46,842 - core.database - INFO - Database connection initialized successfully
2026-01-27 15:16:46,842 - services.database - INFO - 🔧 Database connection initialized, now creating tables if tables not exist...
2026-01-27 15:16:46,842 - core.database - DEBUG - [DB_OP] Starting create_tables
2026-01-27 15:16:46,842 - core.database - INFO - 🔧 Starting table creation...
2026-01-27 15:16:49,312 - core.database - INFO - Tables initialized successfully
2026-01-27 15:16:49,313 - core.database - DEBUG - [DB_OP] Create tables completed in 2.4711s
2026-01-27 15:16:49,386 - services.database - INFO - 🔧 Table creation completed
2026-01-27 15:16:49,386 - services.database - INFO - Database initialized successfully
2026-01-27 15:16:49,387 - services.database - DEBUG - [DB_OP] Database initialization completed in 2.5910s
2026-01-27 15:16:49,389 - services.mock_data - INFO - mock_data directory not found, skipping mock initialization
2026-01-27 15:16:49,389 - services.database - DEBUG - [DB_OP] Starting database initialization
2026-01-27 15:16:49,389 - services.database - INFO - 🔧 Starting database initialization...
2026-01-27 15:16:49,389 - core.database - INFO - Starting database initialization...
2026-01-27 15:16:49,389 - core.database - INFO - Database already initialized
2026-01-27 15:16:49,390 - services.database - INFO - 🔧 Database connection initialized, now creating tables if tables not exist...
2026-01-27 15:16:49,390 - core.database - DEBUG - [DB_OP] Starting create_tables
2026-01-27 15:16:49,390 - core.database - INFO - Tables already initialized
2026-01-27 15:16:49,390 - services.database - INFO - 🔧 Table creation completed
2026-01-27 15:16:49,390 - services.database - INFO - Database initialized successfully
2026-01-27 15:16:49,390 - services.database - DEBUG - [DB_OP] Database initialization completed in 0.0009s
2026-01-27 15:16:49,390 - core.config - DEBUG - Read dynamic attribute admin_user_id from environment variable ADMIN_USER_ID
2026-01-27 15:16:49,390 - core.config - DEBUG - Read dynamic attribute admin_user_email from environment variable ADMIN_USER_EMAIL
2026-01-27 15:16:49,925 - services.auth - DEBUG - Admin user 808894 already exists
2026-01-27 15:16:49,998 - main - INFO - === Application startup completed successfully ===
