2026-01-27 15:20:38,914 - main - INFO - === Logging system initialized ===
2026-01-27 15:20:38,914 - main - INFO - Log file: logs/app_20260127_152038.log
2026-01-27 15:20:38,914 - main - INFO - Log level: INFO
2026-01-27 15:20:38,914 - main - INFO - Timestamp: 20260127_152038
2026-01-27 15:20:39,855 - main - INFO - Included router: routers.aihub.router
2026-01-27 15:20:39,859 - main - INFO - Included router: routers.auth.router
2026-01-27 15:20:39,874 - main - INFO - Included router: routers.chat.router
2026-01-27 15:20:39,874 - main - INFO - Included router: routers.health.router
2026-01-27 15:20:39,882 - main - INFO - Included router: routers.settings.router
2026-01-27 15:20:39,892 - main - INFO - Included router: routers.storage.router
2026-01-27 15:20:39,894 - main - INFO - Included router: routers.user.router
2026-01-27 15:20:39,910 - main - INFO - Included router: routers.verifications.router
2026-01-27 15:20:39,911 - main - INFO - === Application startup initiated ===
2026-01-27 15:20:39,911 - services.database - DEBUG - [DB_OP] Starting database initialization
2026-01-27 15:20:39,911 - services.database - INFO - 🔧 Starting database initialization...
2026-01-27 15:20:39,911 - core.database - INFO - Starting database initialization...
2026-01-27 15:20:39,911 - core.config - DEBUG - Read dynamic attribute database_url from environment variable DATABASE_URL
2026-01-27 15:20:39,911 - core.database - INFO - Normalizing database URL for async compatibility...
2026-01-27 15:20:39,912 - core.database - INFO - Creating async database engine...
2026-01-27 15:20:39,912 - core.database - INFO - Using QueuePool with connection pooling for non-Lambda environment
2026-01-27 15:20:39,949 - core.database - INFO - Database engine created successfully
2026-01-27 15:20:39,949 - core.database - INFO - Creating async session maker...
2026-01-27 15:20:39,949 - core.database - INFO - Async session maker created successfully
2026-01-27 15:20:39,949 - core.database - INFO - Database connection initialized successfully
2026-01-27 15:20:39,949 - services.database - INFO - 🔧 Database connection initialized, now creating tables if tables not exist...
2026-01-27 15:20:39,949 - core.database - DEBUG - [DB_OP] Starting create_tables
2026-01-27 15:20:39,949 - core.database - INFO - 🔧 Starting table creation...
2026-01-27 15:20:44,704 - core.database - INFO - Tables initialized successfully
2026-01-27 15:20:44,704 - core.database - DEBUG - [DB_OP] Create tables completed in 4.7549s
2026-01-27 15:20:44,778 - services.database - INFO - 🔧 Table creation completed
2026-01-27 15:20:44,779 - services.database - INFO - Database initialized successfully
2026-01-27 15:20:44,779 - services.database - DEBUG - [DB_OP] Database initialization completed in 4.8677s
2026-01-27 15:20:44,779 - services.mock_data - INFO - mock_data directory not found, skipping mock initialization
2026-01-27 15:20:44,779 - services.database - DEBUG - [DB_OP] Starting database initialization
2026-01-27 15:20:44,779 - services.database - INFO - 🔧 Starting database initialization...
2026-01-27 15:20:44,779 - core.database - INFO - Starting database initialization...
2026-01-27 15:20:44,779 - core.database - INFO - Database already initialized
2026-01-27 15:20:44,779 - services.database - INFO - 🔧 Database connection initialized, now creating tables if tables not exist...
2026-01-27 15:20:44,779 - core.database - DEBUG - [DB_OP] Starting create_tables
2026-01-27 15:20:44,779 - core.database - INFO - Tables already initialized
2026-01-27 15:20:44,780 - services.database - INFO - 🔧 Table creation completed
2026-01-27 15:20:44,780 - services.database - INFO - Database initialized successfully
2026-01-27 15:20:44,780 - services.database - DEBUG - [DB_OP] Database initialization completed in 0.0007s
2026-01-27 15:20:44,780 - core.config - DEBUG - Read dynamic attribute admin_user_id from environment variable ADMIN_USER_ID
2026-01-27 15:20:44,780 - core.config - DEBUG - Read dynamic attribute admin_user_email from environment variable ADMIN_USER_EMAIL
2026-01-27 15:20:45,297 - services.auth - DEBUG - Admin user 808894 already exists
2026-01-27 15:20:45,370 - main - INFO - === Application startup completed successfully ===
2026-01-27 15:23:08,708 - services.database - DEBUG - [DB_OP] Starting database close
2026-01-27 15:23:08,783 - core.database - INFO - Database connection closed and engine disposed
2026-01-27 15:23:08,783 - services.database - INFO - Database connections closed
2026-01-27 15:23:08,784 - services.database - DEBUG - [DB_OP] Database close completed in 0.0759s
