2026-01-27 15:23:17,568 - main - INFO - === Logging system initialized ===
2026-01-27 15:23:17,569 - main - INFO - Log file: logs/app_20260127_152317.log
2026-01-27 15:23:17,569 - main - INFO - Log level: INFO
2026-01-27 15:23:17,569 - main - INFO - Timestamp: 20260127_152317
2026-01-27 15:23:18,326 - main - INFO - Included router: routers.aihub.router
2026-01-27 15:23:18,330 - main - INFO - Included router: routers.auth.router
2026-01-27 15:23:18,346 - main - INFO - Included router: routers.chat.router
2026-01-27 15:23:18,346 - main - INFO - Included router: routers.health.router
2026-01-27 15:23:18,354 - main - INFO - Included router: routers.settings.router
2026-01-27 15:23:18,364 - main - INFO - Included router: routers.storage.router
2026-01-27 15:23:18,366 - main - INFO - Included router: routers.user.router
2026-01-27 15:23:18,381 - main - INFO - Included router: routers.verifications.router
2026-01-27 15:23:18,382 - main - INFO - === Application startup initiated ===
2026-01-27 15:23:18,382 - services.database - DEBUG - [DB_OP] Starting database initialization
2026-01-27 15:23:18,383 - services.database - INFO - 🔧 Starting database initialization...
2026-01-27 15:23:18,383 - core.database - INFO - Starting database initialization...
2026-01-27 15:23:18,383 - core.config - DEBUG - Read dynamic attribute database_url from environment variable DATABASE_URL
2026-01-27 15:23:18,383 - core.database - INFO - Normalizing database URL for async compatibility...
2026-01-27 15:23:18,384 - core.database - INFO - Creating async database engine...
2026-01-27 15:23:18,384 - core.database - INFO - Using QueuePool with connection pooling for non-Lambda environment
2026-01-27 15:23:18,422 - core.database - INFO - Database engine created successfully
2026-01-27 15:23:18,422 - core.database - INFO - Creating async session maker...
2026-01-27 15:23:18,422 - core.database - INFO - Async session maker created successfully
2026-01-27 15:23:18,422 - core.database - INFO - Database connection initialized successfully
2026-01-27 15:23:18,422 - services.database - INFO - 🔧 Database connection initialized, now creating tables if tables not exist...
2026-01-27 15:23:18,422 - core.database - DEBUG - [DB_OP] Starting create_tables
2026-01-27 15:23:18,422 - core.database - INFO - 🔧 Starting table creation...
2026-01-27 15:23:20,594 - core.database - INFO - Tables initialized successfully
2026-01-27 15:23:20,594 - core.database - DEBUG - [DB_OP] Create tables completed in 2.1722s
2026-01-27 15:23:20,656 - services.database - INFO - 🔧 Table creation completed
2026-01-27 15:23:20,656 - services.database - INFO - Database initialized successfully
2026-01-27 15:23:20,656 - services.database - DEBUG - [DB_OP] Database initialization completed in 2.2736s
2026-01-27 15:23:20,656 - services.mock_data - INFO - mock_data directory not found, skipping mock initialization
2026-01-27 15:23:20,656 - services.database - DEBUG - [DB_OP] Starting database initialization
2026-01-27 15:23:20,657 - services.database - INFO - 🔧 Starting database initialization...
2026-01-27 15:23:20,657 - core.database - INFO - Starting database initialization...
2026-01-27 15:23:20,657 - core.database - INFO - Database already initialized
2026-01-27 15:23:20,657 - services.database - INFO - 🔧 Database connection initialized, now creating tables if tables not exist...
2026-01-27 15:23:20,657 - core.database - DEBUG - [DB_OP] Starting create_tables
2026-01-27 15:23:20,657 - core.database - INFO - Tables already initialized
2026-01-27 15:23:20,657 - services.database - INFO - 🔧 Table creation completed
2026-01-27 15:23:20,657 - services.database - INFO - Database initialized successfully
2026-01-27 15:23:20,657 - services.database - DEBUG - [DB_OP] Database initialization completed in 0.0009s
2026-01-27 15:23:20,657 - core.config - DEBUG - Read dynamic attribute admin_user_id from environment variable ADMIN_USER_ID
2026-01-27 15:23:20,658 - core.config - DEBUG - Read dynamic attribute admin_user_email from environment variable ADMIN_USER_EMAIL
2026-01-27 15:23:21,104 - services.auth - DEBUG - Admin user 808894 already exists
2026-01-27 15:23:21,165 - main - INFO - === Application startup completed successfully ===
2026-01-27 15:23:24,674 - services.database - DEBUG - [DB_OP] Starting database close
2026-01-27 15:23:24,738 - core.database - INFO - Database connection closed and engine disposed
2026-01-27 15:23:24,739 - services.database - INFO - Database connections closed
2026-01-27 15:23:24,739 - services.database - DEBUG - [DB_OP] Database close completed in 0.0649s
