2026-01-27 15:23:30,876 - main - INFO - === Logging system initialized ===
2026-01-27 15:23:30,876 - main - INFO - Log file: logs/app_20260127_152330.log
2026-01-27 15:23:30,876 - main - INFO - Log level: INFO
2026-01-27 15:23:30,877 - main - INFO - Timestamp: 20260127_152330
2026-01-27 15:23:31,658 - main - INFO - Included router: routers.aihub.router
2026-01-27 15:23:31,662 - main - INFO - Included router: routers.auth.router
2026-01-27 15:23:31,677 - main - INFO - Included router: routers.chat.router
2026-01-27 15:23:31,678 - main - INFO - Included router: routers.health.router
2026-01-27 15:23:31,685 - main - INFO - Included router: routers.settings.router
2026-01-27 15:23:31,695 - main - INFO - Included router: routers.storage.router
2026-01-27 15:23:31,697 - main - INFO - Included router: routers.user.router
2026-01-27 15:23:31,716 - main - INFO - Included router: routers.verifications.router
2026-01-27 15:23:31,717 - main - INFO - === Application startup initiated ===
2026-01-27 15:23:31,717 - services.database - DEBUG - [DB_OP] Starting database initialization
2026-01-27 15:23:31,718 - services.database - INFO - 🔧 Starting database initialization...
2026-01-27 15:23:31,718 - core.database - INFO - Starting database initialization...
2026-01-27 15:23:31,718 - core.config - DEBUG - Read dynamic attribute database_url from environment variable DATABASE_URL
2026-01-27 15:23:31,718 - core.database - INFO - Normalizing database URL for async compatibility...
2026-01-27 15:23:31,719 - core.database - INFO - Creating async database engine...
2026-01-27 15:23:31,719 - core.database - INFO - Using QueuePool with connection pooling for non-Lambda environment
2026-01-27 15:23:31,767 - core.database - INFO - Database engine created successfully
2026-01-27 15:23:31,767 - core.database - INFO - Creating async session maker...
2026-01-27 15:23:31,767 - core.database - INFO - Async session maker created successfully
2026-01-27 15:23:31,767 - core.database - INFO - Database connection initialized successfully
2026-01-27 15:23:31,768 - services.database - INFO - 🔧 Database connection initialized, now creating tables if tables not exist...
2026-01-27 15:23:31,768 - core.database - DEBUG - [DB_OP] Starting create_tables
2026-01-27 15:23:31,768 - core.database - INFO - 🔧 Starting table creation...
2026-01-27 15:23:34,287 - core.database - INFO - Tables initialized successfully
2026-01-27 15:23:34,287 - core.database - DEBUG - [DB_OP] Create tables completed in 2.5195s
2026-01-27 15:23:34,360 - services.database - INFO - 🔧 Table creation completed
2026-01-27 15:23:34,360 - services.database - INFO - Database initialized successfully
2026-01-27 15:23:34,360 - services.database - DEBUG - [DB_OP] Database initialization completed in 2.6426s
2026-01-27 15:23:34,361 - services.mock_data - INFO - mock_data directory not found, skipping mock initialization
2026-01-27 15:23:34,361 - services.database - DEBUG - [DB_OP] Starting database initialization
2026-01-27 15:23:34,362 - services.database - INFO - 🔧 Starting database initialization...
2026-01-27 15:23:34,362 - core.database - INFO - Starting database initialization...
2026-01-27 15:23:34,362 - core.database - INFO - Database already initialized
2026-01-27 15:23:34,362 - services.database - INFO - 🔧 Database connection initialized, now creating tables if tables not exist...
2026-01-27 15:23:34,362 - core.database - DEBUG - [DB_OP] Starting create_tables
2026-01-27 15:23:34,362 - core.database - INFO - Tables already initialized
2026-01-27 15:23:34,362 - services.database - INFO - 🔧 Table creation completed
2026-01-27 15:23:34,362 - services.database - INFO - Database initialized successfully
2026-01-27 15:23:34,362 - services.database - DEBUG - [DB_OP] Database initialization completed in 0.0009s
2026-01-27 15:23:34,362 - core.config - DEBUG - Read dynamic attribute admin_user_id from environment variable ADMIN_USER_ID
2026-01-27 15:23:34,363 - core.config - DEBUG - Read dynamic attribute admin_user_email from environment variable ADMIN_USER_EMAIL
2026-01-27 15:23:34,883 - services.auth - DEBUG - Admin user 808894 already exists
2026-01-27 15:23:34,957 - main - INFO - === Application startup completed successfully ===
2026-01-27 15:23:38,665 - services.database - DEBUG - [DB_OP] Starting database close
2026-01-27 15:23:38,740 - core.database - INFO - Database connection closed and engine disposed
2026-01-27 15:23:38,740 - services.database - INFO - Database connections closed
2026-01-27 15:23:38,741 - services.database - DEBUG - [DB_OP] Database close completed in 0.0757s
